[   0.000000] Initializing cgroupsusy cpuse
   0.00000 Iitialiin croup sbss cpu
[    0.000000] Initializing cgroup subsys cpuacct
[    0.0000] inux version 4.4.0-36-generic (buildd@lcy01-01) (gcc version 5.4.0 20160609 (Ubuntu 5.4.0-6ubuntu1~16.04.2) ) #55-Ubuntu SMP Thu Aug 11 18:01:55 UTC 2016 (Ubuntu 4.4.0-36.55-generic 4.4.16)
[    0.000000] Command line: BOOT_IMAGE=/boot/vmlinuz-4.4.0-36-generic root=LABEL=cloudimg-rootfs ro console=tty1 console=ttyS0
[   .00000] KERELsuported cpus:
[    0.000000]   Intel GenuineIntel
[    0.000000]   AMD AuthenticAMD[   0.0000]  Cntaur CentaurHauls
[    0.000000] x86/fpu: xstate_offset[2]:  576, xstate_ssizes[2]:  256
[    0.000000] x86/fpu: Supporting XSAVE feature 0x01: 'x87 floating point registers'
[    0.000000] x86/fpu: Supporting XSAVE feature 0x02: 'SSE registers'
[    0.000000] x86/fpu: Supporting XSAVE feature 0x04: 'AVX registers'
[    0.000000] x86/fpu: Enabled xstate features 0x7, context size is 832 bytes, using 'standard' format.
[    0.000000] x86/fpu: Using 'lazy' FPU context switches.
[    0.000000] e820: BIOS-provided physical RAM map:
[    0.000000] BIOS-e820: [mem 0x0000000000000000-0x000000000009fbff] usable
[    0.000000] BIOS-e820: [mem 0x000000000009fc00-0x000000000009ffff] reserved
[    0.000000] BIOS-e820: [mem 0x00000000000f0000-0x00000000000fffff] reserved
[    0.000000] BIOS-e820: [mem 0x0000000000100000-0x000000001ffeffff] usable
[    0.000000] BIOS-e820: [mem 0x000000001fff0000-0x000000001fffffff] ACPI data
[    0.000000] BIOS-e820: [mem 0x00000000fffc0000-0x00000000ffffffff] reserved
[    0.000000] NX (Execute Disable) protection: active
[    0.000000] SMBIOS 2.5 present.
[    0.000000] Hypervisor detected: KVM
[    0.000000] e820: lastpf = 0x1fff0 max_arch_pfn = 0x400000000
[    0.000000] x86/PAT: Configuration [0-7]: WB  WC  UC- UC  WB  WC  UC- WT  
[    0.000000] MTRR: Disabled
[    0.000000] CPU MTRRs all blank - virtualized system.
[    0.000000] found SM M-tble t me 0x0009fff0-0x0009ffff] mapped at [ffff88000009fff0]
[    0.000000] Scanning 1 areas for low memory corruption
[    0.000000] RAMDISK: [mem 0x1f0c9000-0x1f7e4fff]
[    0.000000] ACPI: Early table checksum verification disabled
[    0.000000] ACPI: RSDP 0x00000000000E0000 000024 (v02 VBOX  )
[    0.000000] ACPI: XSDT 0x000000001FFF0030 00003C (v01 VBOX   VBOXXSDT 00000001 ASL  00000061)
[    0.000000] ACPI: FACP 0x000000001FFF00F0 0000F4 (v04 VBOX   VBOXFACP 00000001 ASL  00000061)
[    0.000000] ACPI: DSDT 0x000000001FFF0470 002118 (v01 VBOX   VBOXBIOS 00000002 INTL 20100528)
[    0.000000] ACPI: FACS 0x000000001FFF0200 000040
[    0.000000] ACPI: FACS 0x000000001FFF0200 000040
[    0.000000] ACPI: APIC 0x000000001FFF0240 00005C (v02 VBOX   VBOXAPIC 00000001 ASL  00000061)
[    0.000000] ACPI: SSDT 0x000000001FFF02A0 0001CC (v01 VBOX   VBOXCPUT 00000002 INTL 20100528)
[    0.000000] No NUMA configuration found
[    0.000000] Faking a node at [mem 0x0000000000000000-0x000000001ffeffff]
[    0.000000] NODE_DATA(0) allocated [mem 0x1ffeb000-0x1ffeffff]
[    0.000000] kvm-clock: Using msrs 4b564d01 and 4b564d00
[    0.000000] kvm-clock: cpu 0, msr 0:1ffe7001, primary cpu clock
[    0.000000] kvm-clock: using sched offset of 3035063940 cycles
[    0.000000] clocksource: kvm-clock: mask: 0xffffffffffffffff max_cycles: 0x1cd42e4dffb, max_idle_ns: 881590591483 ns
[    0.000000] Zone ranges:
[    0.000000]   DMA      [mem 0x0000000000001000-0x0000000000ffffff]
[    0.000000]   DMA32    [mem 0x0000000001000000-0x000000001ffeffff]
[    0.000000]   Normal   empty
[    0.000000]   Device   empty
[    0.000000] Movable zone start for each node
[    0.000000] Early memory node ranges
[    0.000000]   node   0: [mem 0x0000000000001000-0x000000000009efff]
[    0.000000]   node   0: [mem 0x0000000000100000-0x000000001ffeffff]
[    0.000000] Initmem setup node 0 [mem 0x000000000000100-0x000000001ffeffff]
[    0.000000] ACPI: PM-Timer IO Port: 0x4008
[    0.000000] IOAPIC[0]: apic_id 2, version 17, address 0xfec00000, GSI 0-23
[    0.000000] ACP: INT_SRC_OVR (bus 0 bus_irq 0 global_irq 2 dfl dfl)
[    0.000000] ACPI: INT_SRC_OVR (bus 0 bus_irq 9 global_irq 9 high level)
[    0.000000] Using ACPI (MADT) for SMP configuration iformation
[    0.000000] smpboot: Allowing 2 CPUs, 0 hotplug CPUs
[    0.000000] PM: Registered nosave memory: [mem 0x00000000-0x00000fff]
[    0.000000] PM: Registered nosave memory: [mem 0x0009f000-0x0009ffff]
[    0.000000] PM: Registered nosave memory: [mem 0x000a0000-0x000effff]
[    0.000000] PM: Registered nosave memory: [mem 0x000f0000-0x000fffff]
[    0.000000] e820: [mem 0x000000-0fffbffff] available for PCI devices
[    0.000000] Booting paravirtulied kernel on KVM
[    0.000000] clocksource: refined-jiffies: mask: 0xfffffff max_cycles: 0xffffffff, max_idle_ns: 7645519600211568 ns
[    0.000000] setup_percpu: NR_CPUS:256 nr_cpumask_bits:256 nr_cpu_ids:2 nr_node_ids:1
[    0.000000] PERCPU: Embedded 33 pages/cpu @ffff88001fc00000 s98008 r8192 d28968 u1048576
[    0.000000] PV qspinlock hash table entries: 256 (order: 0, 4096 bytes)
[    0.000000] Built 1 zonelists in Node order, mobility grouping on.  Total pages12889[   0.000000] Policy zone: DMA32
[    0.000000] Kernel command line: BOOT_IMAGE=/boot/vmlinuz-44.-36-generic root=LABEL=cloudimg-rootfs ro console=tty1 console=ttyS0
[    0.000000] PID hash table entries: 2048 (order: 2, 16384 bytes)
[    0.000000] Memory: 489280K/523832K available (8394K kernel code, 1282K rwdata, 3944K rodata, 1480K init, 1292K bss, 34552K reserved, 0K cma-reserved)
[    0.000000] SLUB: HWalign=64, Order=0-3, MinObjects=0, CPUs=2, Nodes=1
[    0.000000] Hierarchical RCU implementation.
[    0.000000] 	Build-time adjustment of leaf fanout to 64.
[    0.000000] 	RCU restrictig CPUs from NR_CPUS=256 to nr_cpu_ids=2.
[    0.000000] RCU: Adjusting geometry for rcu_fanout_lef=4, nr_cpu_ids=2
[    0.000000] NR_IRQS:16640 nr_irqs:440 16
[    0.000000] Console: colour VGA+ 80x25
[    0.000000] console [tty1] enabled
[    0.000000] console [ttyS0] enabled
[    0.000000] tsc: Detected 3300.022 MHz processor
[    1.237255] Calibrating delay loop (skipped) preset value.. 6600.04 BogoMIPS (lpj=13200088)
[    1.239151] pid_max: default: 32768 minimum: 301
[    1.240167] ACPI: Core revision 20150930
[    1.258190] ACPI: 2 ACPI AML tables successfully acquired and loaded
[    1.259681] Security Framework initialized
[    1.264403] Yama: becoming mindful.
[    1.269269] AppArmor: AppArmor initialized
[    1.270333] Dentry cache hash table entries: 65536 (order: 7, 524288 bytes)
[    1.271825] Inode-cache hash table entries: 32768 (order: 6, 262144 bytes)
[    1.301776] Mount-cache hash table entries: 1024 (order: 1, 8192 bytes)
[    1.310079] Mountpoint-cache hash table entries: 1024 (order: 1, 8192 bytes)
[    1.317410] Initializing cgroup subsys io
[    1.318504] Initializing cgroup subsys memory
[    1.334785] Initializing cgroup subsys devices
[    1.357507] Initializing cgroup subsys freezer
[    1.364651] Initializing cgroup subsys net_cls
[    1.367430] Initializing cgroup subsys perf_event
[    1.385221] Initializing cgroup subsys net_prio
[    1.389888] Initializing cgroup subsys hugetlb
[    1.393350] Initializing cgroup subsys pids
[    1.397700] CPU: Physical Processor ID: 0
[    1.404168] CPU: Processor Core ID: 0
[    1.405089] mce: CPU supports 0 MCE banks
[    1.469105] Last level iTLB entries: 4KB 512, 2MB 8, 4MB 8
[    1.477720] Last level dTLB entries: 4KB 512, 2MB 32, 4MB 32, 1GB 0
[    1.482004] Freeing SMP alternatives memory: 28K (ffffffff820b4000 - ffffffff820bb000)
[    1.493747] ftrace: allocating 31996 entries in 125 pages
[    1.549226] smpboot: Max logical packages: 1
[    1.555694] smpboot: APIC(0) Converting physical 0 to logical package 0
[    1.558462] ..TIMER: vector=0x30 apic1=0 pin1=2 apic2=-1 pin2=-1
[    1.673108] smpboot: CPU0: Intel(R) Core(TM) i5-2500K CPU @ 3.30GHz (family: 0x6, model: 0x2a, stepping: 0x7)
[    1.676636] Performance Events: unsupported p6 CPU model 42 no PMU driver, software events only.
[    1.678857] KVM setup paravirtual spinlock
[    1.715363] x86: Booting SMP configuration:
[    1.734022] .... node  #0, CPUs:      #1
[    1.735138] kvm-clock: cpu 1, msr 0:1ffe7041, secondary cpu clock
[    1.736223] mce: CPU supports 0 MCE banks
[    1.738873] x86: Booted up 1 node, 2 CPUs
[    1.740005] smpboot: Total of 2 processors activated (13200.08 BogoMIPS)
[    1.745184] devtmpfs: initialized
[    1.753063] evm: security.selinux
[    1.753891] evm: security.SMACK64
[    1.754704] evm: security.SMACK64EXEC
[    1.755582] evm: security.SMACK64TRANSMUTE
[    1.784652] evm: security.SMACK64MMAP
[    1.785533] evm: security.ima
[    1.786300] evm: security.capability
[    1.789607] clocksource: jiffies: mask: 0xffffffff max_cycles: 0xffffffff, max_idle_ns: 7645041785100000 ns
[    1.791864] pinctrl core: initialized pinctrl subsystem
[    1.793112] RTC time: 20:05:45, date: 09/18/16
[    1.794339] NET: Registered protocol family 16
[    1.812354] cpuidle: using governor ladder
[    1.823898] cpuidle: using governor menu
[    1.827915] PCCT header not found.
[    1.828816] ACPI: bus type PCI registered
[    1.829806] acpiphp: ACPI Hot Plug PCI Controller Driver version: 0.5
[    1.845219] PCI: Using configuration type 1 for base access
[    1.868724] ACPI: Added _OSI(Module Device)
[    1.876187] ACPI: Added _OSI(Processor Device)
[    1.889560] ACPI: Added _OSI(3.0 _SCP Extensions)
[    1.890990] ACPI: Added _OSI(Processor Aggregator Device)
[    1.893646] ACPI: Executed 1 blocks of module-level executable AML code
[    1.902154] ACPI: Interpreter enabled
[    1.914447] ACPI Exception: AE_NOT_FOUND, While evaluating Sleep State [\_S1_] (20150930/hwxface-580)
[    1.918622] ACPI Exception: AE_NOT_FOUND, While evaluating Sleep State [\_S2_] (20150930/hwxface-580)
[    1.920776] ACPI Exception: AE_NOT_FOUND, While evaluating Sleep State [\_S3_] (20150930/hwxface-580)
[    1.922935] ACPI Exception: AE_NOT_FOUND, While evaluating Sleep State [\_S4_] (20150930/hwxface-580)
[    1.925058] ACPI: (supports S0 S5)
[    1.925905] ACPI: Using IOAPIC for interrupt routing
[    1.932477] PCI: Using host bridge windows from ACPI; if necessary, use "pci=nocrs" and report a bug
[    1.938251] ACPI: PCI Root Bridge [PCI0] (domain 0000 [bus 00-ff])
[    1.940637] acpi PNP0A03:00: _OSC: OS supports [ASPM ClockPM Segments MSI]
[    1.942009] acpi PNP0A03:00: _OSC failed (AE_NOT_FOUND); disabling ASPM
[    1.950576] acpi PNP0A03:00: fail to add MMCONFIG information, can't access extended PCI configuration space under this bridge.
[    1.953224] PCI host bridge to bus 0000:00
[    1.954185] pci_bus 0000:00: root bus resource [io  0x0000-0x0cf7 window]
[    1.956935] pci_bus 0000:00: root bus resource [io  0x0d00-0xffff window]
[    1.963916] pci_bus 0000:00: root bus resource [mem 0x000a0000-0x000bffff window]
[    1.965765] pci_bus 0000:00: root bus resource [mem 0x20000000-0xffdfffff window]
[    1.970665] pci_bus 0000:00: root bus resource [bus 00-ff]
[    1.973846] pci 0000:00:01.1: legacy IDE quirk: reg 0x10: [io  0x01f0-0x01f7]
[    1.978617] pci 0000:00:01.1: legacy IDE quirk: reg 0x14: [io  0x03f6]
[    1.983396] pci 0000:00:01.1: legacy IDE quirk: reg 0x18: [io  0x0170-0x0177]
[    1.991963] pci 0000:00:01.1: legacy IDE quirk: reg 0x1c: [io  0x0376]
[    2.009820] ACPI: PCI Interrupt Link [LNKA] (IRQs 5 9 10 11) *0, disabled.
[    2.015365] ACPI: PCI Interrupt Link [LNKB] (IRQs 5 9 10 *11)
[    2.027446] ACPI: PCI Interrupt Link [LNKC] (IRQs 5 9 *10 11)
[    2.030841] ACPI: PCI Interrupt Link [LNKD] (IRQs 5 *9 10 11)
[    2.032635] ACPI: Enabled 2 GPEs in block 00 to 07
[    2.034202] vgaarb: setting as boot device: PCI:0000:00:02.0
[    2.035394] vgaarb: device added: PCI:0000:00:02.0,decodes=io+mem,owns=io+mem,locks=none
[    2.037185] vgaarb: loaded
[    2.037894] vgaarb: bridge control possible 0000:00:02.0
[    2.043332] SCSI subsystem initialized
[    2.057437] ACPI: bus type USB registered
[    2.059569] usbcore: registered new interface driver usbfs
[    2.061223] usbcore: registered new interface driver hub
[    2.070647] usbcore: registered new device driver usb
[    2.072068] PCI: Using ACPI for IRQ routing
[    2.077734] NetLabel: Initializing
[    2.078646] NetLabel:  domain hash size = 128
[    2.079620] NetLabel:  protocols = UNLABELED CIPSOv4
[    2.080716] NetLabel:  unlabeled traffic allowed by default
[    2.084882] amd_nb: Cannot enumerate AMD northbridges
[    2.087332] clocksource: Switched to clocksource kvm-clock
[   2.9656 ApArmor: AppArmor Filesystem Enabled
[    2.220506] pnp: PnP ACPI init
[    2.222206] pnp: PnP ACPI: found 3 devices

[   .2543]clckouce apipm msk 0ffff max_cycles: 0xffffff, max_idle_ns: 2085701024 ns
[   .64441] ET Rgiteedprtoolfamily 

[    3.017002] TCP established hash table entries: 4096 (order: 3, 32768 bytes)
[    3.018527] TCP bind hash table entries: 4096 (order: 4, 65536 bytes)
[    3.019875] TCP: Hash tables configured (established 4096 bind 4096)
[    3.021193] UDP hash table entries: 256 (order: 1, 8192 bytes)
[    3.048662] UDP-Lite hash table entries: 256 (order: 1, 8192 bytes)
[    3.050020] NET: Registered protocol family 1
[    3.051014]pc 00000000:Liitngdiec PI/PCI transfers
[    3.386142] pci 0000:00:01.0: Activating ISA DMA hang workarounds
[   .376] ryg o npckrotfsimges nirafs..

[    5.107045] Freeing initrd memory: 7280K (ffff88001f0c9000 - ffff88001f7e5000)
[    5.109526] RAPL PMU detctd,AP uitis2^32Jole,  fedcontrs10371840msovl imr   5.773206] hw unit of domain pp0-core 2^-0 Joules
[    5.859117] hw unit of domain package 2^-0 Joules
[    5.860208] hw unit of domain pp1-gpu 2^-0 Joules
[    5.874811] platform rtc_cmos: registered platform RTC device (no PNP device found)
[    5.876614] Scanning for low memory corruption evry60second

[    6.008961] futex hash table entries: 512 (order: 3, 32768 bytes)
[    6.010250] audit: initializing netlink subsys (disabled)
[    6.017958] audit: type=2000 audit(1474229153.353:1): initialized
[    6.019468] Initialise system trusted keyring
[    6.020747] HugeTLB registered 2 MB page size, pre-allocated 0 pages
[    6.025605] zbud: loaded
[    6.026553] VFS: Disk quotas dquot_6.6.0
[    6.027957] VFS: Dquot-cache hash table entries: 512 (order 0, 4096 bytes)
[    6.029588] squashfs: version 4.0 (2009/01/31) Phillip Lougher
[    6.031254] fuse init (API version 7.23)
[    6.032403] Key type big_key registered
[    6.041237] Allocating IMA MOK and blacklist keyrings.
[    6.043576] Key type asymmetric registered
[    6.044546] Asymmetric key parser 'x509' registered
[    6.052418] Block layer SCSI generic (bsg) driver version 0.4 loaded (major 249)
[    6.054208] io scheduler noop registered
[    6.055119] io scheduler deadline registered (default)
[    6.056307] io scheduler cfq registered
[    6.057310] pci_hotplug: PCI Hot Plug PCI Core version: 0.5
[    6.058503] pciehp: PCI Express Hot Plug Controller Driver version: 0.4
[    6.060078] ACPI: AC Adapter [AC] (on-line)
[    6.061090] input: Power Button as /devices/LNXSYSTM:00/LNXPWRBN:00/input/input0
[    6.073332] ACPI: Power Button [PWRF]
[    6.074291] input: Sleep Button as /devices/LNXSYSTM:00/LNXSLPBN:00/input/input1
[    6.076015] ACPI: Sleep Button [SLPF]
[    6.077186] GHES: HEST is not enabled!
[    6.097517] Serial: 8250/16550 driver, 32 ports, IRQ sharing enabled
[    6.123511] 00:02: ttyS0 at I/O 0x3f8 (irq = 4, base_baud = 115200) is a 16550A
[    6.129998] Linux agpgart interface v0.103
[    6.138211] brd: module loaded
[    6.155780] loop: module loaded
[    6.165063] scsi host0: ata_piix
[    6.166072] scsi host1: ata_piix
[    6.168096] ata: AT mx DM/3 c 0f0ct 03f bdm 0d00 rq14

[    6.710314] ata2: PATA max UDMA/33 cmd 0x170 ctl 0x376 bmdma 0xd008ir15

[    6.810095] libphy: Fixed MDIO Bus: probed
[    6.811302]tu: niersal TUN/TAP device driver, 1.6
[    6.923299] tun: (C) 1999-2004 Max Krasnyansky <maxk@qualcomm.com>

[    6.925338] tsc: Refined TSC clocksource calibration: 3300.641 MHz
[    6.928669] clocksource: tsc: mask: 0xffffffffffffffff max_cycles: 0x2f93a9e0ef0, max_idle_ns: 440795374177 ns
[    6.928783] PPP generic driver version 2.4.2
[    6.928866] ehci_hcd: USB 2.0 'Enhanced' Host Controller (EHCI) Driver
[    6.928872] ehci-pci: EHCI PCI platform driver
[    6.928887] ehci-platform: EHCI generic platform driver
[    6.928895] ohci_hcd: USB 1.1 'Open' Host Controller (OHCI) Driver
[    6.928898] ohci-pci: OHCI PCI platform driver
[    6.928906] ohci-platform: OHCI generic platform driver
[    6.928914] uhci_hcd: USB Universal Host Controller Interface driver
[    6.928974] i8042: PNP: PS/2 Controller [PNP0303:PS2K,PNP0f03:PS2M] at 0x60,0x64 irq 1,12
[    6.933522] serio: i8042 KBD port at 0x60,0x64 irq 1
[    6.933528] serio: i8042 AUX port at 0x60,0x64 irq 12
[    6.933641] mousedev: PS/2 mouse device common for all mice
[    6.933958] rtc_cmos rtc_cmos: rtc core: registered rtc_cmos as rtc0
[    6.934016] rtc_cmos rtc_cmos: alarms up to one day, 114 bytes nvram
[    6.934023] i2c /dev entries driver
[    6.934078] device-mapper: uevent: version 1.0.3
[    6.934135] device-mapper: ioctl: 4.34.0-ioctl (2015-10-28) initialised: dm-devel@redhat.com
[    6.934223] ledtrig-cpu: registered to indicate activity on CPUs
[    6.934628] NET: Registered protocol family 10
[    6.934814] NET: Registered protocol family 17
[    6.934825] Key type dns_resolver registered
[    6.967032] microcode: CPU0 sig=0x206a7, pf=0x10, revision=0x0
[    6.967063] microcode: CPU1 sig=0x206a7, pf=0x10, revision=0x0
[    6.967179] microcode: Microcode Update Driver: v2.01 <tigran@aivazian.fsnet.co.uk>, Peter Oruba
[    6.967343] registered taskstats version 1
[    6.967355] Loading compiled-in X.509 certificates
[    6.968132] Loaded X.509 cert 'Build time autogenerated kernel key: 181cd957879f68b474ab1d0c92722cd44e756f77'
[    6.968156] zswap: loaded using pool lzo/zbud
[    6.971149] Key type trusted registered
[    6.973589] Key type encrypted registered
[    6.973594] AppArmor: AppArmor sha1 policy hashing enabled
[    6.973597] ima: No TPM chip found, activating TPM-bypass!
[    6.973616] evm: HMAC attrs: 0x1
[    6.973947]   Magic number: 0:8:94
[    6.976315] rtc_cmos rtc_cmos: setting system clock to 2016-09-18 20:05:51 UTC (1474229151)
[    6.976422] BIOS EDD facility v0.16 2004-Jun-25, 0 devices found
[    6.976423] EDD information not available.
[    6.996628] input: AT Translated Set 2 keyboard as /devices/platform/i8042/serio0/input/input2
[    7.106432] Freeing unused kernel memory: 1480K (ffffffff81f42000 - ffffffff820b4000)
[    7.109977] Write protecting the kernel read-only data: 14336k
[    7.118063] Freeing unused kernel memory: 1832K (ffff880001836000 - ffff880001a00000)
[    7.125249] Freeing unused kernel memory: 152K (ffff880001dda000 - ffff880001e00000)
Loading, please wait...
starting version[    7.139465] random: systemd-udevd urandom read with 2 bits of entropy available
 229
[    7.185948] e1000: Intel(R) PRO/1000 Network Driver - version 7.3.21-k8-NAPI
[    7.198252] e1000: Copyright (c) 1999-2006 Intel Corporation.
[    7.213666] Fusion MPT base driver 3.04.20
[    7.223421] Copyright (c) 1999-2008 LSI Corporation
[    7.241919] Fusion MPT SPI Host driver 3.04.20
[    7.261637] AVX version of gcm_enc/dec engaged.
[    7.269248] AES CTR mode by8 optimization enabled
[    7.437180] input: ImExPS/2 Generic Explorer Mouse as /devices/platform/i8042/serio1/input/input4
[    7.625864] e1000 0000:00:03.0 eth0: (PCI:33MHz:32-bit) 02:b6:a4:d7:19:c6
[    7.649520] e1000 0000:00:03.0 eth0: Intel(R) PRO/1000 Network Connection
[    7.651790] mptbase: ioc0: Initiating bringup
[    7.944051] ioc0: LSI53C1030 A0: Capabilities={Initiator}
[    8.515434] scsi host2: ioc0: LSI53C1030 A0, FwRev=00000000h, Ports=1, MaxQ=256, IRQ=20
[    8.905507] scsi 2:0:0:0: Direct-Access     VBOX     HARDDISK         1.0  PQ: 0 ANSI: 5
[    8.915562] scsi target2:0:0: Beginning Domain Validation
[    8.918381] scsi target2:0:0: Domain Validation skipping write tests
[    8.940308] scsi target2:0:0: Ending Domain Validation
[    8.941585] scsi target2:0:0: asynchronous
[    8.960490] scsi 2:0:1:0: Direct-Access     VBOX     HARDDISK         1.0  PQ: 0 ANSI: 5
[    8.964658] scsi target2:0:1: Beginning Domain Validation
[    8.967376] scsi target2:0:1: Domain Validation skipping write tests
[    8.968794] scsi target2:0:1: Ending Domain Validation
[    8.970051] scsi target2:0:1: asynchronous
[    9.063932] sd 2:0:0:0: Attached scsi generic sg0 type 0
[    9.070630] sd 2:0:0:0: [sda] 20971520 512-byte logical blocks: (10.7 GB/10.0 GiB)
[    9.145601] sd 2:0:1:0: [sdb] 20480 512-byte logical blocks: (10.5 MB/10.0 MiB)
[    9.153371] sd 2:0:1:0: Attached scsi generic sg1 type 0
[    9.158958] sd 2:0:1:0: [sdb] Write Protect is off
[    9.166692] sd 2:0:1:0: [sdb] Incomplete mode parameter data
[    9.176847] sd 2:0:1:0: [sdb] Assuming drive cache: write through
[    9.189124] sd 2:0:0:0: [sda] Write Protect is off
[    9.204074] sd 2:0:0:0: [sda] Incomplete mode parameter data
[    9.207641] sd 2:0:0:0: [sda] Assuming drive cache: write through
[    9.211060] sd 2:0:1:0: [sdb] Attached SCSI disk
[    9.214383]  sda: sda1
[    9.215961] sd 2:0:0:0: [sda] Attached SCSI disk
[    9.312786] e1000 0000:00:08.0 eth1: (PCI:33MHz:32-bit) 08:00:27:26:c0:10
[    9.316375] e1000 0000:00:08.0 eth1: Intel(R) PRO/1000 Network Connection
[    9.322687] e1000 0000:00:03.0 enp0s3: renamed from eth0
[    9.339680] e1000 0000:00:08.0 enp0s8: renamed from eth1
[   10.259522] floppy0: no floppy controllers found
Begin: Loading e[   11.893119] md: linear personality registered for level -1
ssential drivers ... [   11.920326] md: multipath personality registered for level -4
[   11.935174] md: raid0 personality registered for level 0
[   11.939101] md: raid1 personality registered for level 1
[   12.023853] raid6: sse2x1   gen()  8587 MB/s
[   12.095536] raid6: sse2x1   xor()  6724 MB/s
[   12.171385] raid6: sse2x2   gen() 10655 MB/s
[   12.247849] raid6: sse2x2   xor()  7690 MB/s
[   12.351503] raid6: sse2x4   gen() 12112 MB/s
[   12.439373] raid6: sse2x4   xor()  8509 MB/s
[   12.508014] raid6: using algorithm sse2x4 gen() 12112 MB/s
[   12.509184] raid6: .... xor() 8509 MB/s, rmw enabled
[   12.524319] raid6: using ssse3x2 recovery algorithm
[   12.548051] xor: automatically using best checksumming function:
[   12.603634]    avx       : 18899.000 MB/sec
[   12.615834] async_tx: api initialized (async)
[   12.625658] md: raid6 personality registered for level 6
[   12.635986] md: raid5 personality registered for level 5
[   12.637257] md: raid4 personality registered for level 4
[   12.646337] md: raid10 personality registered for level 10
done.
Begin: Running /scripts/init-premount ... done.
Begin: Mounting root file system ... Begin: Running /scripts/local-top ... done.
Begin: Running /scripts/local-premount ... [   12.697978] Btrfs loaded
Scanning for Btrfs filesystems
done.
Warning: fsck not present, so skipping root file system
[   12.742922] EXT4-fs (sda1): INFO: recovery required on readonly filesystem
[   12.745245] EXT4-fs (sda1): write access will be enabled during recovery
[   12.792600] EXT4-fs (sda1): orphan cleanup on readonly fs
[   12.958054] EXT4-fs (sda1): 1 orphan inode deleted
[   12.959120] EXT4-fs (sda1): recovery complete
[   12.965377] EXT4-fs (sda1): mounted filesystem with ordered data mode. Opts: (null)
done.
Begin: Running /scripts/local-bottom ... done.
Begin: Running /scripts/init-bottom ... Warning: overlayroot: debug is busted
done.
[   13.046418] systemd[1]: systemd 229 running in system mode. (+PAM +AUDIT +SELINUX +IMA +APPARMOR +SMACK +SYSVINIT +UTMP +LIBCRYPTSETUP +GCRYPT +GNUTLS +ACL +XZ -LZ4 +SECCOMP +BLKID +ELFUTILS +KMOD -IDN)
[   13.060021] systemd[1]: Detected virtualization oracle.
[   13.072769] systemd[1]: Detected architecture x86-64.

Welcome to [1mUbuntu 16.04.1 LTS[0m!

[   13.080490] systemd[1]: Set hostname to <ubuntu>.
[   13.082009] systemd[1]: Initializing machine ID from random generator.
[   13.083472] systemd[1]: Installed transient /etc/machine-id file.
[   13.175406] systemd[1]: Reached target User and Group Name Lookups.
[[0;32m  OK  [0m] Reached target User and Group Name Lookups.
[   13.198522] systemd[1]: Listening on Journal Socket (/dev/log).
[[0;32m  OK  [0m] Listening on Journal Socket (/dev/log).
[   13.201833] systemd[1]: Created slice System Slice.
[[0;32m  OK  [0m] Created slice System Slice.
[   13.204573] systemd[1]: Listening on udev Kernel Socket.
[[0;32m  OK  [0m] Listening on udev Kernel Socket.
[   13.214268] systemd[1]: Listening on Device-mapper event daemon FIFOs.
[[0;32m  OK  [0m] Listening on Device-mapper event daemon FIFOs.
[   13.217443] systemd[1]: Reached target Swap.
[[0;32m  OK  [0m] Reached target Swap.
[   13.221029] systemd[1]: Listening on LVM2 poll daemon socket.
[[0;32m  OK  [0m] Listening on LVM2 poll daemon socket.
[   13.236082] systemd[1]: Listening on LVM2 metadata daemon socket.
[[0;32m  OK  [0m] Listening on LVM2 metadata daemon socket.
[   13.245108] systemd[1]: Created slice system-serial\x2dgetty.slice.
[[0;32m  OK  [0m] Created slice system-serial\x2dgetty.slice.
[   13.248347] systemd[1]: Set up automount Arbitrary Executable File Formats File System Automount Point.
[[0;32m  OK  [0m] Set up automount Arbitrary Executab...ats File System Automount Point.
[   13.258059] systemd[1]: Listening on Journal Socket.
[[0;32m  OK  [0m] Listening on Journal Socket.
[   13.280043] systemd[1]: Starting Uncomplicated firewall...
         Starting Uncomplicated firewall...
[   13.301566] systemd[1]: Mounting Huge Pages File System...
         Mounting Huge Pages File System...
[   13.312211] systemd[1]: Starting Create list of required static device nodes for the current kernel...
         Starting Create list of required st... nodes for the current kernel...
[   13.336656] systemd[1]: Mounting POSIX Message Queue File System...
         Mounting POSIX Message Queue File System...
[   13.341097] systemd[1]: Starting Monitoring of LVM2 mirrors, snapshots etc. using dmeventd or progress polling...
         Starting Monitoring of LVM2 mirrors... dmeventd or progress polling...
[   13.361261] systemd[1]: Starting Nameserver information manager...
         Starting Nameserver information manager...
[   13.387899] systemd[1]: Created slice User and Session Slice.
[[0;32m  OK  [0m] Created slice User and Session Slice.
[   13.390843] systemd[1]: Reached target Slce. [[0;32m  OK  [0m] Reached target Slices.
[   13.543640] systemd[1]: Mounting Debug File System...
         Mounting Debug File System...
[   13.874426] systemd[1]: Starting Remount Root and Kernel File Systems...
         Starting Remount[   13.879058] EXT4-fs (sda1): re-mounted. Opts: (null)
 Root and Kernel File Systems...
[   13.885282] systemd[1]: Reached target Encrypted Volumes.
[[0;32m  OK  [0m] Reached target Encrypted Volumes.
[   13.892360] systemd[1]: Listening on Syslog Socket.
[[0;32m  OK  [0m] Listening on Syslog Socket.
[   13.900340] systemd[1]: Starting Set console keymap...
         Starting Set console keymap...
[   13.908323] systemd[1]: Listening on Journal Audit Socket.
[[0;32m  OK  [0m] Listening on Journal Audit Socket.
[   13.915769] systemd[1]: Starting Load Kernel Modules...
         Starting Load Kernel Modules...
[   13.929862] systemd[1]: Listening on udev Control Socket.
[   13.950758] Loading iSCSI transport class v2.0-870.
[[0;32m  OK  [0m] Listening on udev Control Socket.
[   13.967292] systemd[1]: Started Forward Password Requests to Wall Directory Watch.
[   13.977533] iscsi: registered transport (tcp)
[[0;32m  OK  [0m] Started Forward Password Requests to Wall Directory Watch.
[   14.007760] systemd[1]: Starting Journal Service...
[   14.020650] iscsi: registered transport (iser)
         Starting Journal Service...
[   14.030327] systemd[1]: Listening on /dev/initctl Compatibility Named Pipe.
[[0;32m  OK  [0m] Listening on /dev/initctl Compatibility Named Pipe.
[   14.064792] systemd[1]: Mounted Huge Pages File System.
[[0;32m  OK  [0m] Mounted Huge Pages File System.
[   14.115754] systemd[1]: Mounted Debug File System.
[[0;32m  OK  [0m] Mounted Debug File System.
[   14.118624] systemd[1]: Mounted POSIX Message Queue File System.
[[0;32m  OK  [0m] Mounted POSIX Message Queue File System.
[   14.122057] systemd[1]: Started Journal Service.
[[0;32m  OK  [0m] Started Journal Service.
[[0;32m  OK  [0m] Started Uncomplicated firewall.
[[0;32m  OK  [0m] Started Create list of required sta...ce nodes for the current kernel.
[[0;32m  OK  [0m] Started Remount Root and Kernel File Systems.
[[0;32m  OK  [0m] Started Set console keymap.
[[0;32m  OK  [0m] Started Load Kernel Modules.
[[0;32m  OK  [0m] Started Nameserver information manager.
[   14.195922] random: nonblocking pool is initialized
[[0;32m  OK  [0m] Started LVM2 metadata daemon.
         Mounting FUSE Control File System...
         Starting Apply Kernel Variables...
         Starting Load/Save Random Seed...
         Starting udev Coldplug all Devices...
         Starting Create Static Device Nodes in /dev...
         Starting Flush Journal to Persistent Storage...
[[0;32m  OK  [0m] Mounted FUSE Control File System.
[[0;32m  OK  [0m] Started Apply Kernel Variables.
[[0;32m  OK  [0m] Started Load/Save Random Seed.
[[0;32m  OK  [0m] Started Create Static Device Nodes in /dev.
[[0;32m  OK  [0m] Started udev Coldplug all Devices.
[[0;32m  OK  [0m] Started Flush Journal to Persistent Storage.
         Starting udev Kernel Device Manager...
[[0;32m  OK  [0m] Started udev Kernel Device Manager.
[[0;32m  OK  [0m] Started Dispatch Password Requests to Console Directory Watch.
[[0;32m  OK  [0m] Started Monitoring of LVM2 mirrors,...ng dmeventd or progress polling.
[[0;32m  OK  [0m] Reached target Local File Systems (Pre).
[[0;32m  OK  [0m] Reached target Local File Systems.
         Starting Create Volatile Files and Directories...
         Starting Tell Plymouth To Write Out Runtime Data...
         Starting Set console font and keymap...
         Starting Run snappy firstboot setup...
         Starting LSB: AppArmor initialization...
         Starting Commit a transient machine-id on disk...
         Starting Initial cloud-init job (pre-networking)...
[[0;32m  OK  [0m] Started Create Volatile Files and Directories.
[[0;32m  OK  [0m] Started Tell Plymouth To Write Out Runtime Data.
[[0;32m  OK  [0m] Started Run snappy firstboot setup.
[[0;32m  OK  [0m] Started Commit a transient machine-id on disk.
[[0;32m  OK  [0m] Found device /dev/ttyS0.
[[0;32m  OK  [0m] Listening on Load/Save RF Kill Switch Status /dev/rfkill Watch.
[[0;32m  OK  [0m] Reached target System Time Synchronized.
         [   14.193981] Starting Update UTMP about System Boot/Shutdown...cloud-init
[630]: Cloud-init v. 0.7.7 running 'init-local' at Sun, 18 Sep 2016 20:05:59 +0000. Up 13.68 seconds.
[[0;32m  OK  [0m] Started Initial cloud-init job (pre-networking).
[[0;32m  OK  [0m] Reached target Network (Pre).
[[0;32m  OK  [0m] Started Update UTMP about System Boot/Shutdown.
[[0;32m  OK  [0m] Started Set console font and keymap.
[[0;32m  OK  [0m] Created slice system-getty.slice.
[[0;32m  OK  [0m] Started LSB: AppArmor initialization.
[[0;32m  OK  [0m] Reached target System Initialization.
         Starting LXD - unix socket.
[[0;32m  OK  [0m] Started Daily apt activities.
[[0;32m  OK  [0m] Started Daily Cleanup of Temporary Directories.
[[0;32m  OK  [0m] Started Timer to automatically refresh installed snaps.
[[0;32m  OK  [0m] Reached target Timers.
         Starting Socket activation for snappy daemon.
[[0;32m  OK  [0m] Listening on ACPID Listen Socket.
[[0;32m  OK  [0m] Started ACPI Events Check.
[[0;32m  OK  [0m] Reached target Paths.
[[0;32m  OK  [0m] Listening on D-Bus System Message Bus Socket.
[[0;32m  OK  [0m] Listening on UUID daemon activation socket.
         Starting Raise network interfaces...
[[0;32m  OK  [0m] Listening on LXD - unix socket.
[[0;32m  OK  [0m] Listening on Socket activation for snappy daemon.
[[0;32m  OK  [0m] Reached target Sockets.
[[0;32m  OK  [0m] Reached target Basic System.
         Starting System Logging Service...
         Starting LXD - container startup/shutdown...
[[0;32m  OK  [0m] Started ACPI event daemon.
[[0;32m  OK  [0m] Started Deferred execution scheduler.
         Starting LSB: Record successful boot for GRUB...
         Starting Accounts Service...
         Starting Login Service...
[[0;32m  OK  [0m] Started Regular background program processing daemon.
[[0;32m  OK  [0m] Started FUSE filesystem for LXC.
[[0;32m  OK  [0m] Started D-Bus System Message Bus.
         Starting LSB: MD monitoring daemon...
[[0;32m  OK  [0m] Started Snappy daemon.
[[0;32m  OK  [0m] Started System Logging Service.
[[0;32m  OK  [0m] Started LSB: Record successful boot for GRUB.
[[0;32m  OK  [0m] Started LSB: MD monitoring daemon.
[[0;32m  OK  [0m] Started Login Service.
         Starting Authenticate and Authorize Users to Run Privileged Tasks...
[[0;32m  OK  [0m] Started Authenticate and Authorize Users to Run Privileged Tasks.
[[0;32m  OK  [0m] Started Accounts Service.
[[0;32m  OK  [0m] Started LXD - container startup/shutdown.
[[0;32m  OK  [0m] Started Raise network interfaces.
[[0;32m  OK  [0m] Reached target Network.
         Starting Initial cloud-init job (metadata service crawler)...
[   17.053620] cloud-init[1008]: Cloud-init v. 0.7.7 running 'init' at Sun, 18 Sep 2016 20:06:02 +0000. Up 16.46 seconds.
[   17.066419] cloud-init[1008]: ci-info: ++++++++++++++++++++++++++++++++++++++Net device info++++++++++++++++++++++++++++++++++++++
[   17.077136] cloud-init[1008]: ci-info: +--------+-------+----------------------------+---------------+-------+-------------------+
[   17.090996] cloud-init[1008]: ci-info: | Device |   Up  |          Address           |      Mask     | Scope |     Hw-Address    |
[   17.096846] cloud-init[1008]: ci-info: +--------+-------+----------------------------+---------------+-------+-------------------+
[[0;32m  OK  [0m] Started Initial cloud-init job (metadata service crawler).
[   17.112753] cloud-init[1008]: ci-info: | enp0s8 | False |             .              |       .       |   .   | 08:00:27:26:c0:10 |
[   17.130430] [cloud-init[0;32m  OK  [0m[1008]: ] ci-info: |   lo   |  True |         127.0.0.1          |   255.0.0.0   |   .   |         .         |Reached target Network is Online.

[   17.130955] cloud-init[1008]: ci-info: |   lo   |  True |          ::1/128           |       .       |  host |         .         |
         Starting /etc/rc.local Compatibility...
[   17.148845]          Starting iSCSI initiator daemon (iscsid)...
cloud-init[1008]: ci-info: | enp0s3 |  True |         10.0.2.15          | 255.255.255.0 |   .   | 02:b6:a4:d7:19:c6 |
[   17.168418]          cloud-initStarting Pollinate to seed the pseudo random number generator...[1008]: 
ci-info: | enp0s3 |  True | fe80::b6:a4ff:fed7:19c6/64 |       .       |  link | 02:b6:a4:d7:19:c6 |
[   17.173505] [[0;32m  OK  [0m] Reached target Cloud-config availability.
         Starting Apply the settings specified in cloud-config...
[[0;32m  OK  [0m] Started /etc/rc.local Compatibility.
[[0;32m  OK  [0m] Started iSCSI initiator daemon (iscsid).
cloud-init[1008]: ci-info: +--------+-------+----------------------------+---------------+-------+-------------------+
[   17.205263] cloud-init[1008]: ci-info: +++++++++++++++++++++++++++Route IPv4 info++++++++++++++++++++++++++++
[   17.207143] cloud-init[1008]: ci-info: +-------+-------------+----------+---------------+-----------+-------+
         Starting Login to default iSCSI targets...
[   17.239328] cloud-init[1008]: ci-info: | Route | Destination | Gateway  |    Genmask    | Interface | Flags |
[   17.257776] cloud-init[1008]: ci-info: +-------+-------------+----------+---------------+-----------+-------+
[[0;32m  OK  [0m] Started Login to default iSCSI targets.
[[0;32m  OK  [0m] Reached target Remote File Systems (Pre).
[[0;32m  OK  [0m] Reached target Remote File Systems.
[   17.288179] cloud-init[1008]: ci-info: |   0   |   0.0.0.0   | 10.0.2.2 |    0.0.0.0    |   enp0s3  |   UG  |
         Starting LSB: automatic crash report generation...
[   17.456782] cloud-init[1008]: ci-info: |   1   |   10.0.2.0  | 0.0.0.0  | 255.255.255.0 |   enp0s3  |   U   |
[   17.479863] cloud-init[1008]: ci-info: +-------+-------------+----------+---------------+-----------+-------+
         Starting LSB: Set the CPU Frequency Scaling governor to "ondemand"...
         Starting LSB: VirtualBox Linux Additions...
         Starting LSB: daemon to balance interrupts for SMP systems...
         Starting Permit User Sessions...
[[0;32m  OK  [0m] Started Permit User Sessions.
[   17.502696] cloud-init[1008]: Generating public/private rsa key pair.
[   17.552408] cloud-init[1008]: Your identification has been saved in /etc/ssh/ssh_host_rsa_key.
[   17.563497] cloud-init[1008]: Your public key has been saved in /etc/ssh/ssh_host_rsa_key.pub.
         Starting Terminate Plymouth Boot Screen...
         Starting Hold until boot process finishes up...
[[0;32m  OK  [0m] Started LSB: automatic crash report generation.
[[0;32m  OK  [0m] Started Terminate Plymouth Boot Screen.
[[0;32m  OK  [0m] Started Hold until boot process finishes up.
[   17.584295] cloud-init[1008]: The key fingerprint is:
[[0;32m  OK  [0m] Started LSB: Set the CPU Frequency Scaling governor to "ondemand".
[[0;32m  OK  [0m] Started LSB: daemon to balance interrupts for SMP systems.
[   17.674966] cloud-init[1008]: SHA256:leWk7UpCt5F3frRw7XZPlpAYIJ1Qfw88EHuW6E4mr/4 root@ubuntu-xenial
[   17.738640] cloud-init[1008]: The key's randomart image is:
[   17.744546] cloud-init[1008]: +---[RSA 2048]----+
[   17.747314] cloud-init[1008]: |       o+oo++    |
         Starting Set console scheme...
[   17.767377] cloud-init[1008]: |        .o.OB o .|
[[0;32m  OK  [0m] Started Serial Getty on ttyS0.
[   17.827388] cloud-init[1008]: |        . B=+%..o|
[[0;32m  OK  [0m] Started Getty on tty1.
[[0;32m  OK  [0m] Reached target Login Prompts.
[[0;32m  OK  [0m] Started Set console scheme.
[   17.846131] cloud-init[1008]: |       . o.=+oBoo|
[   17.871669] cloud-init[1008]: |        S.o+. .+B|
[   17.893097] cloud-init[1008]: |         o*.   =o|
[   17.900699] cloud-init[1008]: |          .o    .|
[   17.920603] cloud-init[1008]: |          .      |
[   17.944921] cloud-init[1008]: |        .o.E     |
[   17.951624] cloud-init[1008]: +----[SHA256]-----+
[   17.957490] cloud-init[1008]: Generating public/private dsa key pair.
[   17.979066] cloud-init[1008]: Your identification has been saved in /etc/ssh/ssh_host_dsa_key.
[   18.001001] cloud-init[1008]: Your public key has been saved in /etc/ssh/ssh_host_dsa_key.pub.
[   18.028550] cloud-init[1008]: The key fingerprint is:
[   18.045904] cloud-init[1008]: SHA256:raFzgoMzhn5SWyKzLhr/PqngOeiOfRjyT8jELSkKMX0 root@ubuntu-xenial
[   18.051888] cloud-init[1008]: The key's randomart image is:
[   18.060338] cloud-init[1008]: +---[DSA 1024]----+
[   18.072344] cloud-init[1008]: |                 |
[   18.078328] cloud-init[1008]: | .               |
[   18.081038] cloud-init[1008]: |o . E            |
[   18.090395] cloud-init[1008]: | + +     .       |
[   18.104263] cloud-init[1008]: |o = .   S .      |
[   18.111242] cloud-init[1008]: |+B.* o . o       |
[   18.129149] cloud-init[1008]: |*o%oB.+ o        |
[   18.147851] cloud-init[1008]: |*X+*+. +         |
[   18.154353] cloud-init[1008]: |OBB*+.           |
[   18.155569] cloud-init[1008]: +----[SHA256]-----+
[   18.162141] cloud-init[1008]: Generating public/private ecdsa key pair.
[   18.166882] cloud-init[1008]: Your identification has been saved in /etc/ssh/ssh_host_ecdsa_key.
[   18.172491] cloud-init[1008]: Your public key has been saved in /etc/ssh/ssh_host_ecdsa_key.pub.
[   18.182477] cloud-init[1008]: The key fingerprint is:
[   18.200885] cloud-init[1008]: SHA256:fns04aXHnCJ9xlt9qqTRIrvDDhEiSx8dDFML9CDP7BM root@ubuntu-xenial
[   18.226558] cloud-init[1008]: The key's randomart image is:
[   18.237306] cloud-init[1008]: +---[ECDSA 256]---+
[   18.246479] cloud-init[1008]: |  ..*+o          |
[   18.253764] cloud-init[1008]: |   = *.o         |
[   18.263690] cloud-init[1008]: |  o E =          |
[   18.267386] cloud-init[1008]: | . = + .    . .  |
[   18.274148] cloud-init[1008]: |  . + . S  o B ..|
[   18.289124] cloud-init[1008]: |     . o  ..B O +|
[   18.313629] cloud-init[1008]: |      ..o +oo* +.|
[   18.325086] cloud-init[1008]: |       .o+ *. o  |
[   18.345193] cloud-init[1008]: |       .+oo...   |
[   18.348925] cloud-init[1008]: +----[SHA256]-----+
[   18.350136] cloud-init[1008]: Generating public/private ed25519 key pair.
[   18.357113] cloud-init[1008]: Your identification has been saved in /etc/ssh/ssh_host_ed25519_key.
[   18.364799] cloud-init[1008]: Your public key has been saved in /etc/ssh/ssh_host_ed25519_key.pub.
[   18.388899] cloud-init[1008]: The key fingerprint is:
[   18.426344] cloud-init[1008]: SHA256:ZhRnsBza88tgMlPFf2ghx7tkUHG0cZe0Epd9zsCdQS0 root@ubuntu-xenial
[   18.440943] cloud-init[1008]: The key's randomart image is:
[   18.451865] cloud-init[1008]: +--[ED25519 256]--+
[   18.454589] cloud-init[1008]: |        +o+oo=**X|
[   18.455792] cloud-init[1008]: |       + B+ +.EBB|
[   18.457036] cloud-init[1008]: |      . B  = =.*.|
[   18.458332] cloud-init[1008]: |       o o  B o o|
[   18.461966] cloud-init[1008]: |      + S .+ o   |
[   18.469227] cloud-init[1008]: |       B o ..    |
[   18.479003] cloud-init[1008]: |          o      |
[   18.492973] cloud-init[1008]: |                 |
[   18.499333] cloud-init[1008]: |                 |
[   18.508748] cloud-init[1008]: +----[SHA256]-----+
[   18.531407] cloud-init[1110]: Generating locales (this might take a while)...
[   19.125278] cloud-init[1110]:   en_US.UTF-8... done
[   19.148530] cloud-init[1110]: Generation complete.
[[0;32m  OK  [0m] Stopped OpenBSD Secure Shell server.
         Starting OpenBSD Secure Shell server...
[[0;32m  OK  [0m] Started OpenBSD Secure Shell server.
[[0;32m  OK  [0m] Created slice User Slice of ubuntu.
         Starting User Manager for UID 1000...
[[0;32m  OK  [0m] Started Session 1 of user ubuntu.
[[0;32m  OK  [0m] Started User Manager for UID 1000.
[   19.593800] cloud-init[1110]: Cloud-init v. 0.7.7 running 'modules:config' at Sun, 18 Sep 2016 20:06:04 +0000. Up 17.80 seconds.
[[0;32m  OK  [0m] Started Apply the settings specified in cloud-config.
         Starting Execute cloud user/final scripts...
ci-info: no authorized ssh keys fingerprints found for user ubuntu.
<14>Sep 18 20:06:06 ec2: 
<14>Sep 18 20:06:06 ec2: #############################################################
<14>Sep 18 20:06:06 ec2: -----BEGIN SSH HOST KEY FINGERPRINTS-----
<14>Sep 18 20:06:06 ec2: 1024 SHA256:raFzgoMzhn5SWyKzLhr/PqngOeiOfRjyT8jELSkKMX0 root@ubuntu-xenial (DSA)
<14>Sep 18 20:06:06 ec2: 256 SHA256:fns04aXHnCJ9xlt9qqTRIrvDDhEiSx8dDFML9CDP7BM root@ubuntu-xenial (ECDSA)
<14>Sep 18 20:06:06 ec2: 256 SHA256:ZhRnsBza88tgMlPFf2ghx7tkUHG0cZe0Epd9zsCdQS0 root@ubuntu-xenial (ED25519)
<14>Sep 18 20:06:06 ec2: 2048 SHA256:leWk7UpCt5F3frRw7XZPlpAYIJ1Qfw88EHuW6E4mr/4 root@ubuntu-xenial (RSA)
<14>Sep 18 20:06:06 ec2: -----END SSH HOST KEY FINGERPRINTS-----
<14>Sep 18 20:06:06 ec2: #############################################################
-----BEGIN SSH HOST KEY KEYS-----
ecdsa-sha2-nistp256 AAAAE2VjZHNhLXNoYTItbmlzdHAyNTYAAAAIbmlzdHAyNTYAAABBBAzn9ztI5A4VHFRIKaHOoYtlccogYhXg0Cy+iYzA7JwFSDFHn8fKdLEK3XMTlPx0hPhPLzlQQkp+x1bfxMLaMWg= root@ubuntu-xenial
ssh-ed25519 AAAAC3NzaC1lZDI1NTE5AAAAIBZN1aq1zKs8szY6ZX2TBqMpZkQ0ARsMUEkkLvea3rU/ root@ubuntu-xenial
ssh-rsa AAAAB3NzaC1yc2EAAAADAQABAAABAQC1BHwgBCMM0lEJcBrHOuOZet4hO2OQvekAZnO1mI9Cs5HNJsJrjsXAUJ6K4M8ZSr6VnKK3sAcfuz7JYUmc6dPAHoXzQheXPDnb2aSfl/uhuTv2BmokHJUAXdIAMmcdN+cOY1FTZ/24vfuqjs9aT2KElfc8Ql71bLE+jcl/uIzFPypk18m9dUsu+GajlO+nKt4C/kjIC73igq5VX4x894ZHLQWMFTZnrNUhUV/nh0HBQCCM3BTwVv5e4vVOiz0hGWIm0DIIsVNb0mvmaRCUoMi2nYaZYrL8kHXp1bS831FfxgJ9felDfBIAV7F0pTeZ/l1irnK32ag4PqFNR6DQdHmb root@ubuntu-xenial
-----END SSH HOST KEY KEYS-----
[   20.363988] cloud-init[1275]: Cloud-init v. 0.7.7 running 'modules:final' at Sun, 18 Sep 2016 20:06:06 +0000. Up 20.05 seconds.
[   20.373523] cloud-init[1275]: ci-info: no authorized ssh keys fingerprints found for user ubuntu.
[   20.382238] cloud-init[1275]: Cloud-init v. 0.7.7 finished at Sun, 18 Sep 2016 20:06:06 +0000. Datasource DataSourceNoCloud [seed=/dev/sdb][dsmode=net].  Up 20.35 seconds
[[0;32m  OK  [0m] Started Execute cloud user/final scripts.
[[0;32m  OK  [0m] Reached target Cloud-init target.
[[0;32m  OK  [0m] Started Session 2 of user ubuntu.

Ubuntu 16.04.1 LTS ubuntu-xenial ttyS0

ubuntu-xenial login: 